<?xml version="1.0" encoding="UTF-8"?>
<coverage generated="1743588728">
  <project timestamp="1743588728">
    <file name="/Users/akihito/git/Koriym.EnvJson/src/EnvJson.php">
      <class name="Koriym\EnvJson\EnvJson" namespace="global">
        <metrics complexity="19" methods="7" coveredmethods="5" conditionals="0" coveredconditionals="0" statements="48" coveredstatements="46" elements="55" coveredelements="51"/>
      </class>
      <line num="33" type="method" name="__construct" visibility="public" complexity="1" crap="1" count="6"/>
      <line num="35" type="stmt" count="6"/>
      <line num="38" type="method" name="load" visibility="public" complexity="3" crap="3" count="6"/>
      <line num="40" type="stmt" count="6"/>
      <line num="41" type="stmt" count="6"/>
      <line num="43" type="stmt" count="5"/>
      <line num="44" type="stmt" count="5"/>
      <line num="45" type="stmt" count="5"/>
      <line num="47" type="stmt" count="5"/>
      <line num="48" type="stmt" count="1"/>
      <line num="50" type="stmt" count="1"/>
      <line num="53" type="stmt" count="4"/>
      <line num="54" type="stmt" count="3"/>
      <line num="55" type="stmt" count="3"/>
      <line num="56" type="stmt" count="3"/>
      <line num="58" type="stmt" count="3"/>
      <line num="60" type="stmt" count="3"/>
      <line num="61" type="stmt" count="2"/>
      <line num="63" type="stmt" count="2"/>
      <line num="66" type="stmt" count="1"/>
      <line num="69" type="method" name="suppressPhp81DeprecatedError" visibility="private" complexity="3" crap="3.04" count="6"/>
      <line num="71" type="stmt" count="6"/>
      <line num="72" type="stmt" count="6"/>
      <line num="73" type="stmt" count="1"/>
      <line num="75" type="stmt" count="1"/>
      <line num="76" type="stmt" count="6"/>
      <line num="79" type="stmt" count="0"/>
      <line num="83" type="method" name="getEnv" visibility="private" complexity="3" crap="3" count="4"/>
      <line num="85" type="stmt" count="4"/>
      <line num="86" type="stmt" count="4"/>
      <line num="87" type="stmt" count="4"/>
      <line num="88" type="stmt" count="2"/>
      <line num="91" type="stmt" count="2"/>
      <line num="92" type="stmt" count="1"/>
      <line num="95" type="stmt" count="1"/>
      <line num="99" type="method" name="putEnv" visibility="private" complexity="3" crap="3" count="3"/>
      <line num="101" type="stmt" count="3"/>
      <line num="102" type="stmt" count="3"/>
      <line num="103" type="stmt" count="3"/>
      <line num="104" type="stmt" count="3"/>
      <line num="113" type="method" name="collectEnvFromSchema" visibility="private" complexity="4" crap="4.02" count="5"/>
      <line num="115" type="stmt" count="5"/>
      <line num="118" type="stmt" count="5"/>
      <line num="119" type="stmt" count="0"/>
      <line num="123" type="stmt" count="5"/>
      <line num="124" type="stmt" count="5"/>
      <line num="125" type="stmt" count="5"/>
      <line num="126" type="stmt" count="5"/>
      <line num="127" type="stmt" count="5"/>
      <line num="131" type="stmt" count="5"/>
      <line num="134" type="method" name="getSchema" visibility="public" complexity="2" crap="2" count="6"/>
      <line num="136" type="stmt" count="6"/>
      <line num="137" type="stmt" count="6"/>
      <line num="138" type="stmt" count="1"/>
      <line num="141" type="stmt" count="5"/>
      <metrics loc="144" ncloc="133" classes="1" methods="7" coveredmethods="5" conditionals="0" coveredconditionals="0" statements="48" coveredstatements="46" elements="55" coveredelements="51"/>
    </file>
    <file name="/Users/akihito/git/Koriym.EnvJson/src/Exception/EnvJsonFileNotFoundException.php">
      <class name="Koriym\EnvJson\Exception\EnvJsonFileNotFoundException" namespace="global">
        <metrics complexity="0" methods="0" coveredmethods="0" conditionals="0" coveredconditionals="0" statements="0" coveredstatements="0" elements="0" coveredelements="0"/>
      </class>
      <metrics loc="12" ncloc="12" classes="0" methods="0" coveredmethods="0" conditionals="0" coveredconditionals="0" statements="0" coveredstatements="0" elements="0" coveredelements="0"/>
    </file>
    <file name="/Users/akihito/git/Koriym.EnvJson/src/Exception/InvalidEnvJsonException.php">
      <class name="Koriym\EnvJson\Exception\InvalidEnvJsonException" namespace="global">
        <metrics complexity="2" methods="1" coveredmethods="1" conditionals="0" coveredconditionals="0" statements="4" coveredstatements="4" elements="5" coveredelements="5"/>
      </class>
      <line num="14" type="method" name="__construct" visibility="public" complexity="2" crap="2" count="1"/>
      <line num="16" type="stmt" count="1"/>
      <line num="17" type="stmt" count="1"/>
      <line num="18" type="stmt" count="1"/>
      <line num="21" type="stmt" count="1"/>
      <metrics loc="24" ncloc="24" classes="1" methods="1" coveredmethods="1" conditionals="0" coveredconditionals="0" statements="4" coveredstatements="4" elements="5" coveredelements="5"/>
    </file>
    <file name="/Users/akihito/git/Koriym.EnvJson/src/Exception/RuntimeException.php">
      <class name="Koriym\EnvJson\Exception\RuntimeException" namespace="global">
        <metrics complexity="0" methods="0" coveredmethods="0" conditionals="0" coveredconditionals="0" statements="0" coveredstatements="0" elements="0" coveredelements="0"/>
      </class>
      <metrics loc="10" ncloc="10" classes="0" methods="0" coveredmethods="0" conditionals="0" coveredconditionals="0" statements="0" coveredstatements="0" elements="0" coveredelements="0"/>
    </file>
    <file name="/Users/akihito/git/Koriym.EnvJson/src/Exception/SchemaFileNotFoundException.php">
      <class name="Koriym\EnvJson\Exception\SchemaFileNotFoundException" namespace="global">
        <metrics complexity="0" methods="0" coveredmethods="0" conditionals="0" coveredconditionals="0" statements="0" coveredstatements="0" elements="0" coveredelements="0"/>
      </class>
      <metrics loc="12" ncloc="12" classes="0" methods="0" coveredmethods="0" conditionals="0" coveredconditionals="0" statements="0" coveredstatements="0" elements="0" coveredelements="0"/>
    </file>
    <file name="/Users/akihito/git/Koriym.EnvJson/src/Json.php">
      <class name="Koriym\EnvJson\Json" namespace="global">
        <metrics complexity="1" methods="1" coveredmethods="1" conditionals="0" coveredconditionals="0" statements="8" coveredstatements="8" elements="9" coveredelements="9"/>
      </class>
      <line num="26" type="method" name="__construct" visibility="public" complexity="1" crap="1" count="1"/>
      <line num="28" type="stmt" count="1"/>
      <line num="29" type="stmt" count="1"/>
      <line num="31" type="stmt" count="1"/>
      <line num="32" type="stmt" count="1"/>
      <line num="33" type="stmt" count="1"/>
      <line num="34" type="stmt" count="1"/>
      <line num="36" type="stmt" count="1"/>
      <line num="37" type="stmt" count="1"/>
      <metrics loc="40" ncloc="39" classes="1" methods="1" coveredmethods="1" conditionals="0" coveredconditionals="0" statements="8" coveredstatements="8" elements="9" coveredelements="9"/>
    </file>
    <metrics files="6" loc="242" ncloc="230" classes="3" methods="9" coveredmethods="7" conditionals="0" coveredconditionals="0" statements="60" coveredstatements="58" elements="69" coveredelements="65"/>
  </project>
</coverage>
